<?xml version="1.0" encoding="UTF-8"?>
<testsuite name="TestSuite" time="4.504" tests="4" errors="0" skipped="0" failures="2">
  <properties>
    <property name="java.runtime.name" value="Java(TM) SE Runtime Environment"/>
    <property name="sun.boot.library.path" value="D:\jdk1.8.0_112\jre\bin"/>
    <property name="java.vm.version" value="25.112-b15"/>
    <property name="java.vm.vendor" value="Oracle Corporation"/>
    <property name="maven.multiModuleProjectDirectory" value="F:/MyJava/autotest"/>
    <property name="java.vendor.url" value="http://java.oracle.com/"/>
    <property name="path.separator" value=";"/>
    <property name="guice.disable.misplaced.annotation.check" value="true"/>
    <property name="java.vm.name" value="Java HotSpot(TM) 64-Bit Server VM"/>
    <property name="file.encoding.pkg" value="sun.io"/>
    <property name="user.script" value=""/>
    <property name="user.country" value="CN"/>
    <property name="sun.java.launcher" value="SUN_STANDARD"/>
    <property name="sun.os.patch.level" value="Service Pack 1"/>
    <property name="java.vm.specification.name" value="Java Virtual Machine Specification"/>
    <property name="user.dir" value="F:\MyJava\autotest"/>
    <property name="java.runtime.version" value="1.8.0_112-b15"/>
    <property name="java.awt.graphicsenv" value="sun.awt.Win32GraphicsEnvironment"/>
    <property name="java.endorsed.dirs" value="D:\jdk1.8.0_112\jre\lib\endorsed"/>
    <property name="os.arch" value="amd64"/>
    <property name="java.io.tmpdir" value="C:\Users\ADMINI~1\AppData\Local\Temp\"/>
    <property name="line.separator" value="&#10;"/>
    <property name="java.vm.specification.vendor" value="Oracle Corporation"/>
    <property name="user.variant" value=""/>
    <property name="os.name" value="Windows 7"/>
    <property name="classworlds.conf" value="D:/mysoft/apache-maven-3.5.0/bin/m2.conf"/>
    <property name="sun.jnu.encoding" value="GBK"/>
    <property name="java.library.path" value="D:\jdk1.8.0_112\bin;C:\Windows\Sun\Java\bin;C:\Windows\system32;C:\Windows;C:\Users\Administrator\bin;C:\Program Files\Git\mingw64\bin;C:\Program Files\Git\usr\local\bin;C:\Program Files\Git\usr\bin;C:\Program Files\Git\usr\bin;C:\Program Files\Git\mingw64\bin;C:\Program Files\Git\usr\bin;C:\Users\Administrator\bin;C:\Program Files (x86)\Common Files\NetSarang;C:\Windows\system32;C:\Windows;C:\Windows\System32\Wbem;C:\Windows\System32\WindowsPowerShell\v1.0;C:\Program Files\TortoiseSVN\bin;C:\Program Files\OpenVPN\bin;D:\jdk1.8.0_112\bin;C:\Program Files (x86)\Common Files\NetSarang;C:\Windows\system32;C:\Windows;C:\Windows\System32\Wbem;C:\Windows\System32\WindowsPowerShell\v1.0;C:\Program Files\TortoiseSVN\bin;C:\Program Files\OpenVPN\bin;D:\jdk1.8.0_112\bin;D:\mysoft\apache-maven-3.5.0\bin;D:\mysoft\apache-ant-1.10.1\bin;C:\Python27;C:\Users\Administrator\AppData\Local\Programs\Fiddler;C:\Program Files\Git\usr\bin\vendor_perl;C:\Program Files\Git\usr\bin\core_perl;."/>
    <property name="maven.conf" value="D:/mysoft/apache-maven-3.5.0/conf"/>
    <property name="java.specification.name" value="Java Platform API Specification"/>
    <property name="java.class.version" value="52.0"/>
    <property name="sun.management.compiler" value="HotSpot 64-Bit Tiered Compilers"/>
    <property name="os.version" value="6.1"/>
    <property name="library.jansi.path" value="D:\mysoft\apache-maven-3.5.0\lib\jansi-native\windows64"/>
    <property name="user.home" value="C:\Users\Administrator"/>
    <property name="user.timezone" value="GMT+08:00"/>
    <property name="java.awt.printerjob" value="sun.awt.windows.WPrinterJob"/>
    <property name="java.specification.version" value="1.8"/>
    <property name="file.encoding" value="GBK"/>
    <property name="user.name" value="Administrator"/>
    <property name="java.class.path" value="D:/mysoft/apache-maven-3.5.0/boot/plexus-classworlds-2.5.2.jar"/>
    <property name="java.vm.specification.version" value="1.8"/>
    <property name="sun.arch.data.model" value="64"/>
    <property name="java.home" value="D:\jdk1.8.0_112\jre"/>
    <property name="sun.java.command" value="org.codehaus.plexus.classworlds.launcher.Launcher test"/>
    <property name="java.specification.vendor" value="Oracle Corporation"/>
    <property name="user.language" value="zh"/>
    <property name="awt.toolkit" value="sun.awt.windows.WToolkit"/>
    <property name="java.vm.info" value="mixed mode"/>
    <property name="java.version" value="1.8.0_112"/>
    <property name="java.ext.dirs" value="D:\jdk1.8.0_112\jre\lib\ext;C:\Windows\Sun\Java\lib\ext"/>
    <property name="sun.boot.class.path" value="D:\jdk1.8.0_112\jre\lib\resources.jar;D:\jdk1.8.0_112\jre\lib\rt.jar;D:\jdk1.8.0_112\jre\lib\sunrsasign.jar;D:\jdk1.8.0_112\jre\lib\jsse.jar;D:\jdk1.8.0_112\jre\lib\jce.jar;D:\jdk1.8.0_112\jre\lib\charsets.jar;D:\jdk1.8.0_112\jre\lib\jfr.jar;D:\jdk1.8.0_112\jre\classes"/>
    <property name="java.vendor" value="Oracle Corporation"/>
    <property name="maven.home" value="D:\mysoft\apache-maven-3.5.0"/>
    <property name="file.separator" value="\"/>
    <property name="java.vendor.url.bug" value="http://bugreport.sun.com/bugreport/"/>
    <property name="sun.cpu.endian" value="little"/>
    <property name="sun.io.unicode.encoding" value="UnicodeLittle"/>
    <property name="sun.desktop" value="windows"/>
    <property name="sun.cpu.isalist" value="amd64"/>
  </properties>
  <testcase name="Test_ByExcel" classname="com.milan.cases.DefaultTest" time="4.504">
    <failure type="java.lang.Throwable:">java.lang.Throwable: null
	at message : 验证code expected [000] but found [null] in method : .Test_ByExcel(DefaultTest:38)
	at com.milan.cases.DefaultTest.Test_ByExcel(DefaultTest.java:38)
</failure>
    <system-out><![CDATA[{abc=1515487537751822, osType=2}
INFO  2018-02-27 02:21:49 : ----------用例执行--------------
INFO  2018-02-27 02:21:51 : excute_sql:
INFO  2018-02-27 02:21:51 : [{"csp_coupon_config":[{"activity_id":1505739945313957,"config_id":1,"config_status":3,"creator":1,"ctime":1505786501,"ctime__date":"2017-09-19 10:01:41","game_id":1482315637416,"num_limit":1,"os_type":2,"utime":1516175975,"utime__date":"2018-01-17 15:59:35","valid_days":7,"value":50}]},{"csp_coupon_config":[{"activity_id":1505739945313957,"config_id":1,"config_status":3,"creator":1,"ctime":1505786501,"ctime__date":"2017-09-19 10:01:41","game_id":1482315637416,"num_limit":1,"os_type":2,"utime":1516175975,"utime__date":"2018-01-17 15:59:35","valid_days":7,"value":50}]}]
INFO  2018-02-27 02:21:54 : excute_sql:
INFO  2018-02-27 02:21:54 : [{"csp_activity":[{"activity_id":100001,"activity_name":"喵盟代金券活动","activity_status":2,"activity_type":2,"balance":8502,"begin_time":1488765996,"begin_time__date":"2017-03-06 10:06:36","creator":1,"ctime":1488765996,"ctime__date":"2017-03-06 10:06:36","end_time":1607702400,"end_time__date":"2020-12-12 00:00:00","is_delete":0,"utime":1519554053,"utime__date":"2018-02-25 18:20:53"}]},{"csp_coupon_config":[{"activity_id":1515487537751822,"config_id":300022222,"config_status":2,"creator":111,"ctime":1515399562,"ctime__date":"2018-01-08 16:19:22","game_id":1479887736941,"num_limit":1,"os_type":2,"utime":1515399690,"utime__date":"2018-01-08 16:21:30","valid_days":7,"value":1},{"activity_id":1515487537751822,"config_id":300022223,"config_status":2,"creator":111,"ctime":1515399562,"ctime__date":"2018-01-08 16:19:22","game_id":1501483404135263,"num_limit":2,"os_type":2,"utime":1515399690,"utime__date":"2018-01-08 16:21:30","valid_days":7,"value":2},{"activity_id":1515487537751822,"config_id":300022225,"config_status":3,"creator":111,"ctime":1515399562,"ctime__date":"2018-01-08 16:19:22","game_id":1501555342947295,"num_limit":2,"os_type":2,"utime":1515399690,"utime__date":"2018-01-08 16:21:30","valid_days":7,"value":4},{"activity_id":1515487537751822,"config_id":300022226,"config_status":1,"creator":111,"ctime":1515399562,"ctime__date":"2018-01-08 16:19:22","game_id":1501638381223898,"num_limit":2,"os_type":1,"utime":1515399690,"utime__date":"2018-01-08 16:21:30","valid_days":7,"value":5},{"activity_id":1515487537751822,"config_id":300022224,"config_status":2,"creator":111,"ctime":1515399562,"ctime__date":"2018-01-08 16:19:22","game_id":1501917548532190,"num_limit":2,"os_type":1,"utime":1515399690,"utime__date":"2018-01-08 16:21:30","valid_days":7,"value":3}]},{"csp_activity_capital_flow":[]},{"csp_activity_user":[]},{"csp_coupon":[]}]
INFO  2018-02-27 02:21:54 : -------【end】------------

]]></system-out>
  </testcase>
  <testcase name="Test_ByExcel" classname="com.milan.cases.DefaultTest" time="1.913">
    <failure type="java.lang.Throwable:">java.lang.Throwable: null
	at message : 验证code expected [000] but found [null] in method : .Test_ByExcel(DefaultTest:38)
	at com.milan.cases.DefaultTest.Test_ByExcel(DefaultTest.java:38)
</failure>
    <system-out><![CDATA[{abc=1515487537751822, osType=2}
INFO  2018-02-27 02:21:54 : ----------用例执行--------------
INFO  2018-02-27 02:21:54 : excute_sql:
INFO  2018-02-27 02:21:54 : [{"csp_coupon_config":[{"activity_id":1505739945313957,"config_id":1,"config_status":3,"creator":1,"ctime":1505786501,"ctime__date":"2017-09-19 10:01:41","game_id":1482315637416,"num_limit":1,"os_type":2,"utime":1516175975,"utime__date":"2018-01-17 15:59:35","valid_days":7,"value":50}]},{"csp_coupon_config":[{"activity_id":1505739945313957,"config_id":1,"config_status":3,"creator":1,"ctime":1505786501,"ctime__date":"2017-09-19 10:01:41","game_id":1482315637416,"num_limit":1,"os_type":2,"utime":1516175975,"utime__date":"2018-01-17 15:59:35","valid_days":7,"value":50}]}]
INFO  2018-02-27 02:21:55 : excute_sql:
INFO  2018-02-27 02:21:55 : [{"csp_activity":[{"activity_id":100001,"activity_name":"喵盟代金券活动","activity_status":2,"activity_type":2,"balance":8502,"begin_time":1488765996,"begin_time__date":"2017-03-06 10:06:36","creator":1,"ctime":1488765996,"ctime__date":"2017-03-06 10:06:36","end_time":1607702400,"end_time__date":"2020-12-12 00:00:00","is_delete":0,"utime":1519554053,"utime__date":"2018-02-25 18:20:53"}]},{"csp_coupon_config":[{"activity_id":1515487537751822,"config_id":300022222,"config_status":2,"creator":111,"ctime":1515399562,"ctime__date":"2018-01-08 16:19:22","game_id":1479887736941,"num_limit":1,"os_type":2,"utime":1515399690,"utime__date":"2018-01-08 16:21:30","valid_days":7,"value":1},{"activity_id":1515487537751822,"config_id":300022223,"config_status":2,"creator":111,"ctime":1515399562,"ctime__date":"2018-01-08 16:19:22","game_id":1501483404135263,"num_limit":2,"os_type":2,"utime":1515399690,"utime__date":"2018-01-08 16:21:30","valid_days":7,"value":2},{"activity_id":1515487537751822,"config_id":300022225,"config_status":3,"creator":111,"ctime":1515399562,"ctime__date":"2018-01-08 16:19:22","game_id":1501555342947295,"num_limit":2,"os_type":2,"utime":1515399690,"utime__date":"2018-01-08 16:21:30","valid_days":7,"value":4},{"activity_id":1515487537751822,"config_id":300022226,"config_status":1,"creator":111,"ctime":1515399562,"ctime__date":"2018-01-08 16:19:22","game_id":1501638381223898,"num_limit":2,"os_type":1,"utime":1515399690,"utime__date":"2018-01-08 16:21:30","valid_days":7,"value":5},{"activity_id":1515487537751822,"config_id":300022224,"config_status":2,"creator":111,"ctime":1515399562,"ctime__date":"2018-01-08 16:19:22","game_id":1501917548532190,"num_limit":2,"os_type":1,"utime":1515399690,"utime__date":"2018-01-08 16:21:30","valid_days":7,"value":3}]},{"csp_activity_capital_flow":[]},{"csp_activity_user":[]},{"csp_coupon":[]}]
INFO  2018-02-27 02:21:55 : -------【end】------------

]]></system-out>
  </testcase>
  <testcase name="Test_ByExcel" classname="com.milan.cases.DefaultTest" time="1.856"/>
  <testcase name="Test_ByExcel" classname="com.milan.cases.DefaultTest" time="1.883"/>
</testsuite>